<?xml version="1.0" encoding="UTF-8"?>
  <testsuite tests="1" failures="1" time="11.755029542">
      <testcase name="Postgres Test General - should run successfully" classname="e2e Suite" time="0">
          <skipped></skipped>
      </testcase>
      <testcase name="Postgres Test General With PVC should run successfully" classname="e2e Suite" time="0">
          <skipped></skipped>
      </testcase>
      <testcase name="Postgres Test DoNotPause should work successfully" classname="e2e Suite" time="0">
          <skipped></skipped>
      </testcase>
      <testcase name="Postgres Test Snapshot In Local should take Snapshot successfully" classname="e2e Suite" time="0">
          <skipped></skipped>
      </testcase>
      <testcase name="Postgres Test Snapshot In S3 should take Snapshot successfully" classname="e2e Suite" time="0">
          <skipped></skipped>
      </testcase>
      <testcase name="Postgres Test Snapshot In GCS should take Snapshot successfully" classname="e2e Suite" time="0">
          <skipped></skipped>
      </testcase>
      <testcase name="Postgres Test Snapshot In Azure should take Snapshot successfully" classname="e2e Suite" time="0">
          <skipped></skipped>
      </testcase>
      <testcase name="Postgres Test Snapshot In Swift should take Snapshot successfully" classname="e2e Suite" time="0">
          <skipped></skipped>
      </testcase>
      <testcase name="Postgres Test Initialize With Script should run successfully" classname="e2e Suite" time="0">
          <skipped></skipped>
      </testcase>
      <testcase name="Postgres Test Initialize With Snapshot should run successfully" classname="e2e Suite" time="0">
          <skipped></skipped>
      </testcase>
      <testcase name="Postgres Test Resume - should resume DormantDatabase successfully" classname="e2e Suite" time="0">
          <skipped></skipped>
      </testcase>
      <testcase name="Postgres Test Resume With Init should resume DormantDatabase successfully" classname="e2e Suite" time="0">
          <skipped></skipped>
      </testcase>
      <testcase name="Postgres Test Resume Resume Multiple times - with init should resume DormantDatabase successfully" classname="e2e Suite" time="0">
          <skipped></skipped>
      </testcase>
      <testcase name="Postgres Test SnapshotScheduler With Startup should run schedular successfully" classname="e2e Suite" time="0">
          <skipped></skipped>
      </testcase>
      <testcase name="Postgres Test SnapshotScheduler With Update should run schedular successfully" classname="e2e Suite" time="0">
          <skipped></skipped>
      </testcase>
      <testcase name="Postgres Test Archive with wal-g should archive successfully" classname="e2e Suite" time="0.097503853">
          <failure type="Failure">/home/maruf/go/src/github.com/kubedb/postgres/test/e2e/postgres_test.go:558&#xA;Expected error:&#xA;    &lt;*errors.errorString | 0xc420e879c0&gt;: {&#xA;        s: &#34;an empty namespace may not be set during creation&#34;,&#xA;    }&#xA;    an empty namespace may not be set during creation&#xA;not to have occurred&#xA;/home/maruf/go/src/github.com/kubedb/postgres/test/e2e/postgres_test.go:561</failure>
          <system-out>[BeforeEach] Postgres&#xA;  /home/maruf/go/src/github.com/kubedb/postgres/test/e2e/postgres_test.go:36&#xA;[BeforeEach] Archive with wal-g&#xA;  /home/maruf/go/src/github.com/kubedb/postgres/test/e2e/postgres_test.go:546&#xA;[It] should archive successfully&#xA;  /home/maruf/go/src/github.com/kubedb/postgres/test/e2e/postgres_test.go:558&#xA;[AfterEach] Postgres&#xA;  /home/maruf/go/src/github.com/kubedb/postgres/test/e2e/postgres_test.go:81&#xA;�[1mSTEP�[0m: Delete postgres: postgres-7znhbu&#xA;</system-out>
      </testcase>
  </testsuite>