<?xml version="1.0" encoding="UTF-8"?>
  <testsuite tests="2" failures="0" time="196.197495517">
      <testcase name="Postgres Test General - should run successfully" classname="e2e Suite" time="108.246457323"></testcase>
  </testsuite>